0 info it worked if it ends with ok
1 verbose cli [ 'node', '/usr/local/bin/npm', 'install', '-g', 'mupx' ]
2 info using npm@1.4.28
3 info using node@v0.10.33
4 verbose cache add [ 'mupx', null ]
5 verbose cache add name=undefined spec="mupx" args=["mupx",null]
6 verbose parsed url { protocol: null,
6 verbose parsed url   slashes: null,
6 verbose parsed url   auth: null,
6 verbose parsed url   host: null,
6 verbose parsed url   port: null,
6 verbose parsed url   hostname: null,
6 verbose parsed url   hash: null,
6 verbose parsed url   search: null,
6 verbose parsed url   query: null,
6 verbose parsed url   pathname: 'mupx',
6 verbose parsed url   path: 'mupx',
6 verbose parsed url   href: 'mupx' }
7 silly lockFile 0b3dc23b-mupx mupx
8 verbose lock mupx /Users/Jay/.npm/0b3dc23b-mupx.lock
9 silly lockFile 0b3dc23b-mupx mupx
10 silly lockFile 0b3dc23b-mupx mupx
11 verbose addNamed [ 'mupx', '' ]
12 verbose addNamed [ null, '*' ]
13 silly lockFile 3f441f8b-mupx mupx@
14 verbose lock mupx@ /Users/Jay/.npm/3f441f8b-mupx.lock
15 silly addNameRange { name: 'mupx', range: '*', hasData: false }
16 verbose request where is /mupx
17 verbose request registry https://registry.npmjs.org/
18 verbose request id 6c64dce3a913ad9a
19 verbose url raw /mupx
20 verbose url resolving [ 'https://registry.npmjs.org/', './mupx' ]
21 verbose url resolved https://registry.npmjs.org/mupx
22 verbose request where is https://registry.npmjs.org/mupx
23 info trying registry request attempt 1 at 12:23:18
24 http GET https://registry.npmjs.org/mupx
25 http 200 https://registry.npmjs.org/mupx
26 silly registry.get cb [ 200,
26 silly registry.get   { server: 'CouchDB/1.5.0 (Erlang OTP/R16B03)',
26 silly registry.get     etag: '"4Y3WY54Z2026OVL7FLLN91YHW"',
26 silly registry.get     'content-type': 'application/json',
26 silly registry.get     'cache-control': 'max-age=300',
26 silly registry.get     'content-length': '30683',
26 silly registry.get     'accept-ranges': 'bytes',
26 silly registry.get     date: 'Thu, 07 Apr 2016 16:23:19 GMT',
26 silly registry.get     via: '1.1 varnish',
26 silly registry.get     age: '0',
26 silly registry.get     connection: 'keep-alive',
26 silly registry.get     'x-served-by': 'cache-atl6243-ATL',
26 silly registry.get     'x-cache': 'MISS',
26 silly registry.get     'x-cache-hits': '0',
26 silly registry.get     'x-timer': 'S1460046199.264679,VS0,VE69',
26 silly registry.get     vary: 'Accept-Encoding' } ]
27 silly addNameRange number 2 { name: 'mupx', range: '*', hasData: true }
28 silly addNameRange versions [ 'mupx',
28 silly addNameRange   [ '1.0.0',
28 silly addNameRange     '1.0.1',
28 silly addNameRange     '1.0.2',
28 silly addNameRange     '1.1.0',
28 silly addNameRange     '1.1.1',
28 silly addNameRange     '1.1.2',
28 silly addNameRange     '1.1.3',
28 silly addNameRange     '1.2.0',
28 silly addNameRange     '1.3.0',
28 silly addNameRange     '1.4.0',
28 silly addNameRange     '1.4.1',
28 silly addNameRange     '1.5.0',
28 silly addNameRange     '1.5.1',
28 silly addNameRange     '1.5.2',
28 silly addNameRange     '1.5.3' ] ]
29 verbose addNamed [ 'mupx', '1.5.3' ]
30 verbose addNamed [ '1.5.3', '1.5.3' ]
31 silly lockFile db924502-mupx-1-5-3 mupx@1.5.3
32 verbose lock mupx@1.5.3 /Users/Jay/.npm/db924502-mupx-1-5-3.lock
33 silly lockFile 3866b386-ry-npmjs-org-mupx-mupx-1-5-3-tgz https://registry.npmjs.org/mupx/-/mupx-1.5.3.tgz
34 verbose lock https://registry.npmjs.org/mupx/-/mupx-1.5.3.tgz /Users/Jay/.npm/3866b386-ry-npmjs-org-mupx-mupx-1-5-3-tgz.lock
35 verbose addRemoteTarball [ 'https://registry.npmjs.org/mupx/-/mupx-1.5.3.tgz',
35 verbose addRemoteTarball   'f2f37b0d276212c457f50e64c4b6184d3c2e3198' ]
36 info retry fetch attempt 1 at 12:23:19
37 verbose fetch to= /var/folders/2b/xbv9pcn15xvc_6xy1r0klz700000gn/T/npm-58612-Qvd78O1u/registry.npmjs.org/mupx/-/mupx-1.5.3.tgz
38 http GET https://registry.npmjs.org/mupx/-/mupx-1.5.3.tgz
39 http 200 https://registry.npmjs.org/mupx/-/mupx-1.5.3.tgz
40 silly lockFile 3866b386-ry-npmjs-org-mupx-mupx-1-5-3-tgz https://registry.npmjs.org/mupx/-/mupx-1.5.3.tgz
41 silly lockFile 3866b386-ry-npmjs-org-mupx-mupx-1-5-3-tgz https://registry.npmjs.org/mupx/-/mupx-1.5.3.tgz
42 silly lockFile db924502-mupx-1-5-3 mupx@1.5.3
43 silly lockFile db924502-mupx-1-5-3 mupx@1.5.3
44 silly lockFile 3f441f8b-mupx mupx@
45 silly lockFile 3f441f8b-mupx mupx@
46 silly resolved [ { name: 'mupx',
46 silly resolved     version: '1.5.3',
46 silly resolved     description: 'Production Quality Meteor Deployments',
46 silly resolved     dependencies:
46 silly resolved      { async: '^0.9.0',
46 silly resolved        cjson: '0.3.x',
46 silly resolved        colors: '0.6.x',
46 silly resolved        nodemiral: '^1.1.1',
46 silly resolved        rimraf: '2.x.x',
46 silly resolved        underscore: '1.7.0',
46 silly resolved        uuid: '1.4.x',
46 silly resolved        archiver: '0.14.x',
46 silly resolved        'update-notifier': '0.4.x',
46 silly resolved        minimist: '1.1.1' },
46 silly resolved     bin: { mupx: './bin/mup' },
46 silly resolved     author:
46 silly resolved      { name: 'Arunoda Susiripala',
46 silly resolved        email: 'arunoda.susiripala@gmail.com' },
46 silly resolved     repository: { type: 'git', url: 'git://github.com/arunoda/meteor-up.git' },
46 silly resolved     license: 'MIT',
46 silly resolved     gitHead: 'e5c45821fcd3e69eb588a13c92a3785eaa1b1a47',
46 silly resolved     bugs: { url: 'https://github.com/arunoda/meteor-up/issues' },
46 silly resolved     homepage: 'https://github.com/arunoda/meteor-up',
46 silly resolved     _id: 'mupx@1.5.3',
46 silly resolved     scripts: {},
46 silly resolved     _shasum: 'f2f37b0d276212c457f50e64c4b6184d3c2e3198',
46 silly resolved     _from: 'mupx@',
46 silly resolved     _npmVersion: '2.14.3',
46 silly resolved     _nodeVersion: '4.1.0',
46 silly resolved     _npmUser: { name: 'arunoda', email: 'arunoda.susiripala@gmail.com' },
46 silly resolved     dist:
46 silly resolved      { shasum: 'f2f37b0d276212c457f50e64c4b6184d3c2e3198',
46 silly resolved        tarball: 'https://registry.npmjs.org/mupx/-/mupx-1.5.3.tgz' },
46 silly resolved     maintainers: [ [Object] ],
46 silly resolved     directories: {},
46 silly resolved     _resolved: 'https://registry.npmjs.org/mupx/-/mupx-1.5.3.tgz' } ]
47 info install mupx@1.5.3 into /usr/local/lib
48 info installOne mupx@1.5.3
49 verbose lib/node_modules/mupx unbuild
50 verbose tar unpack /Users/Jay/.npm/mupx/1.5.3/package.tgz
51 silly lockFile 35277beb--usr-local-lib-node-modules-mupx tar:///usr/local/lib/node_modules/mupx
52 verbose lock tar:///usr/local/lib/node_modules/mupx /Users/Jay/.npm/35277beb--usr-local-lib-node-modules-mupx.lock
53 silly lockFile 7382df8b-s-Jay-npm-mupx-1-5-3-package-tgz tar:///Users/Jay/.npm/mupx/1.5.3/package.tgz
54 verbose lock tar:///Users/Jay/.npm/mupx/1.5.3/package.tgz /Users/Jay/.npm/7382df8b-s-Jay-npm-mupx-1-5-3-package-tgz.lock
55 silly gunzTarPerm modes [ '755', '644' ]
56 error Error: EACCES, mkdir '/usr/local/lib/node_modules/mupx'
56 error  { [Error: EACCES, mkdir '/usr/local/lib/node_modules/mupx']
56 error   errno: 3,
56 error   code: 'EACCES',
56 error   path: '/usr/local/lib/node_modules/mupx',
56 error   fstream_type: 'Directory',
56 error   fstream_path: '/usr/local/lib/node_modules/mupx',
56 error   fstream_class: 'DirWriter',
56 error   fstream_stack:
56 error    [ '/usr/local/lib/node_modules/npm/node_modules/fstream/lib/dir-writer.js:36:23',
56 error      '/usr/local/lib/node_modules/npm/node_modules/mkdirp/index.js:46:53',
56 error      'Object.oncomplete (fs.js:107:15)' ] }
57 error Please try running this command again as root/Administrator.
58 error System Darwin 15.4.0
59 error command "node" "/usr/local/bin/npm" "install" "-g" "mupx"
60 error cwd /Users/Jay/Desktop/CliqurMain
61 error node -v v0.10.33
62 error npm -v 1.4.28
63 error path /usr/local/lib/node_modules/mupx
64 error fstream_path /usr/local/lib/node_modules/mupx
65 error fstream_type Directory
66 error fstream_class DirWriter
67 error code EACCES
68 error errno 3
69 error stack Error: EACCES, mkdir '/usr/local/lib/node_modules/mupx'
70 error fstream_stack /usr/local/lib/node_modules/npm/node_modules/fstream/lib/dir-writer.js:36:23
70 error fstream_stack /usr/local/lib/node_modules/npm/node_modules/mkdirp/index.js:46:53
70 error fstream_stack Object.oncomplete (fs.js:107:15)
71 verbose exit [ 3, true ]
